<?xml version="1.0" encoding="UTF-8"?>
<!-- Generated by org.testng.reporters.JUnitReportReporter -->
<testsuite hostname="LAPTOP-31G2U0CT" failures="0" tests="2" name="searchProduct.SearchOnFlipkart" time="121.122" errors="0" timestamp="2022-10-11T15:28:10 IST" skipped="0">
  <testcase classname="searchProduct.SearchOnFlipkart" name="firefoxTest" time="55.354"/>
  <system-out/>
  <testcase classname="searchProduct.SearchOnFlipkart" name="chromeTest" time="65.768"/>
  <system-out/>
</testsuite> <!-- searchProduct.SearchOnFlipkart -->
